#-----------------------------------------------------------
# Vivado v2016.4 (64-bit)
# SW Build 1756540 on Mon Jan 23 19:11:23 MST 2017
# IP Build 1755317 on Mon Jan 23 20:30:07 MST 2017
# Start of session at: Wed Mar 26 09:56:13 2025
# Process ID: 17684
# Current directory: D:/AC2/mipscorect
# Command line: vivado.exe -gui_launcher_event rodinguilauncherevent17876 D:\AC2\mipscorect\mipscorect.xpr
# Log file: D:/AC2/mipscorect/vivado.log
# Journal file: D:/AC2/mipscorect\vivado.jou
#-----------------------------------------------------------
start_gui
open_project D:/AC2/mipscorect/mipscorect.xpr
Scanning sources...
Finished scanning sources
INFO: [IP_Flow 19-234] Refreshing IP repositories
INFO: [IP_Flow 19-1704] No user IP repositories specified
INFO: [IP_Flow 19-2313] Loaded Vivado IP repository 'C:/Xilinx/Vivado/2016.4/data/ip'.
open_project: Time (s): cpu = 00:00:16 ; elapsed = 00:00:09 . Memory (MB): peak = 789.527 ; gain = 114.973
exit
INFO: [Common 17-206] Exiting Vivado at Wed Mar 26 10:18:37 2025...
