#-----------------------------------------------------------
# Vivado v2016.4 (64-bit)
# SW Build 1756540 on Mon Jan 23 19:11:23 MST 2017
# IP Build 1755317 on Mon Jan 23 20:30:07 MST 2017
# Start of session at: Sat May 17 13:14:58 2025
# Process ID: 17400
# Current directory: D:/AC2/mipscorect
# Command line: vivado.exe -gui_launcher_event rodinguilauncherevent1760 D:\AC2\mipscorect\mipscorect.xpr
# Log file: D:/AC2/mipscorect/vivado.log
# Journal file: D:/AC2/mipscorect\vivado.jou
#-----------------------------------------------------------
start_gui
open_project D:/AC2/mipscorect/mipscorect.xpr
Scanning sources...
Finished scanning sources
INFO: [IP_Flow 19-234] Refreshing IP repositories
INFO: [IP_Flow 19-1704] No user IP repositories specified
INFO: [IP_Flow 19-2313] Loaded Vivado IP repository 'C:/Xilinx/Vivado/2016.4/data/ip'.
exit
INFO: [Common 17-206] Exiting Vivado at Sat May 17 13:15:19 2025...
